build/app/intermediates/manifest_merge_blame_file/debug/processDebugMainManifest/manifest-merger-blame-debug-report.txt
1<?xml version="1.0" encoding="utf-8"?>
2<manifest xmlns:android="http://schemas.android.com/apk/res/android"
3    package="com.minghwidev.devstart"
4    android:versionCode="1"
5    android:versionName="1.0.0" >
6
7    <uses-sdk
8        android:minSdkVersion="21"
9        android:targetSdkVersion="35" />
10    <!--
11         The INTERNET permission is required for development. Specifically,
12         the Flutter tool needs it to communicate with the running application
13         to allow setting breakpoints, to provide hot reload, etc.
14    -->
15    <uses-permission android:name="android.permission.INTERNET" />
15-->src/debug/AndroidManifest.xml:6:5-66
15-->src/debug/AndroidManifest.xml:6:22-64
16    <!--
17     Required to query activities that can process text, see:
18         https://developer.android.com/training/package-visibility and
19         https://developer.android.com/reference/android/content/Intent#ACTION_PROCESS_TEXT.
20
21         In particular, this is used by the Flutter engine in io.flutter.plugin.text.ProcessTextPlugin.
22    -->
23    <queries>
23-->src/main/AndroidManifest.xml:39:5-44:15
24        <intent>
24-->src/main/AndroidManifest.xml:40:9-43:18
25            <action android:name="android.intent.action.PROCESS_TEXT" />
25-->src/main/AndroidManifest.xml:41:13-72
25-->src/main/AndroidManifest.xml:41:21-70
26
27            <data android:mimeType="text/plain" />
27-->src/main/AndroidManifest.xml:42:13-50
27-->src/main/AndroidManifest.xml:42:19-48
28        </intent>
29    </queries>
30
31    <uses-permission android:name="android.permission.WAKE_LOCK" />
31-->[:firebase_messaging] AndroidManifest.xml:8:5-68
31-->[:firebase_messaging] AndroidManifest.xml:8:22-65
32    <uses-permission android:name="android.permission.ACCESS_NETWORK_STATE" /> <!-- Permissions options for the `notification` group -->
32-->[:firebase_messaging] AndroidManifest.xml:9:5-79
32-->[:firebase_messaging] AndroidManifest.xml:9:22-76
33    <uses-permission android:name="android.permission.POST_NOTIFICATIONS" /> <!-- Required by older versions of Google Play services to create IID tokens -->
33-->[:firebase_messaging] AndroidManifest.xml:11:5-77
33-->[:firebase_messaging] AndroidManifest.xml:11:22-74
34    <uses-permission android:name="com.google.android.c2dm.permission.RECEIVE" />
34-->[com.google.firebase:firebase-messaging:24.1.1] AndroidManifest.xml:26:5-82
34-->[com.google.firebase:firebase-messaging:24.1.1] AndroidManifest.xml:26:22-79
35    <uses-permission android:name="android.permission.VIBRATE" />
35-->[:flutter_local_notifications] AndroidManifest.xml:7:5-66
35-->[:flutter_local_notifications] AndroidManifest.xml:7:22-63
36
37    <permission
37-->[androidx.core:core:1.13.1] AndroidManifest.xml:22:5-24:47
38        android:name="com.minghwidev.devstart.DYNAMIC_RECEIVER_NOT_EXPORTED_PERMISSION"
38-->[androidx.core:core:1.13.1] AndroidManifest.xml:23:9-81
39        android:protectionLevel="signature" />
39-->[androidx.core:core:1.13.1] AndroidManifest.xml:24:9-44
40
41    <uses-permission android:name="com.minghwidev.devstart.DYNAMIC_RECEIVER_NOT_EXPORTED_PERMISSION" />
41-->[androidx.core:core:1.13.1] AndroidManifest.xml:26:5-97
41-->[androidx.core:core:1.13.1] AndroidManifest.xml:26:22-94
42
43    <application
44        android:name="android.app.Application"
45        android:appComponentFactory="androidx.core.app.CoreComponentFactory"
45-->[androidx.core:core:1.13.1] AndroidManifest.xml:28:18-86
46        android:debuggable="true"
47        android:extractNativeLibs="true"
48        android:icon="@mipmap/ic_launcher"
49        android:label="devstart" >
50        <activity
51            android:name="com.minghwidev.devstart.MainActivity"
52            android:configChanges="orientation|keyboardHidden|keyboard|screenSize|smallestScreenSize|locale|layoutDirection|fontScale|screenLayout|density|uiMode"
53            android:exported="true"
54            android:hardwareAccelerated="true"
55            android:launchMode="singleTop"
56            android:taskAffinity=""
57            android:theme="@style/LaunchTheme"
58            android:windowSoftInputMode="adjustResize" >
59
60            <!--
61                 Specifies an Android theme to apply to this Activity as soon as
62                 the Android process has started. This theme is visible to the user
63                 while the Flutter UI initializes. After that, this theme continues
64                 to determine the Window background behind the Flutter UI.
65            -->
66            <meta-data
67                android:name="io.flutter.embedding.android.NormalTheme"
68                android:resource="@style/NormalTheme" />
69
70            <intent-filter>
71                <action android:name="android.intent.action.MAIN" />
72
73                <category android:name="android.intent.category.LAUNCHER" />
74            </intent-filter>
75        </activity>
76        <!--
77             Don't delete the meta-data below.
78             This is used by the Flutter tool to generate GeneratedPluginRegistrant.java
79        -->
80        <meta-data
81            android:name="flutterEmbedding"
82            android:value="2" />
83
84        <service
84-->[:firebase_messaging] AndroidManifest.xml:14:9-17:72
85            android:name="io.flutter.plugins.firebase.messaging.FlutterFirebaseMessagingBackgroundService"
85-->[:firebase_messaging] AndroidManifest.xml:15:13-107
86            android:exported="false"
86-->[:firebase_messaging] AndroidManifest.xml:16:13-37
87            android:permission="android.permission.BIND_JOB_SERVICE" />
87-->[:firebase_messaging] AndroidManifest.xml:17:13-69
88        <service
88-->[:firebase_messaging] AndroidManifest.xml:18:9-24:19
89            android:name="io.flutter.plugins.firebase.messaging.FlutterFirebaseMessagingService"
89-->[:firebase_messaging] AndroidManifest.xml:19:13-97
90            android:exported="false" >
90-->[:firebase_messaging] AndroidManifest.xml:20:13-37
91            <intent-filter>
91-->[:firebase_messaging] AndroidManifest.xml:21:13-23:29
92                <action android:name="com.google.firebase.MESSAGING_EVENT" />
92-->[:firebase_messaging] AndroidManifest.xml:22:17-78
92-->[:firebase_messaging] AndroidManifest.xml:22:25-75
93            </intent-filter>
94        </service>
95
96        <receiver
96-->[:firebase_messaging] AndroidManifest.xml:26:9-33:20
97            android:name="io.flutter.plugins.firebase.messaging.FlutterFirebaseMessagingReceiver"
97-->[:firebase_messaging] AndroidManifest.xml:27:13-98
98            android:exported="true"
98-->[:firebase_messaging] AndroidManifest.xml:28:13-36
99            android:permission="com.google.android.c2dm.permission.SEND" >
99-->[:firebase_messaging] AndroidManifest.xml:29:13-73
100            <intent-filter>
100-->[:firebase_messaging] AndroidManifest.xml:30:13-32:29
101                <action android:name="com.google.android.c2dm.intent.RECEIVE" />
101-->[:firebase_messaging] AndroidManifest.xml:31:17-81
101-->[:firebase_messaging] AndroidManifest.xml:31:25-78
102            </intent-filter>
103        </receiver>
104
105        <service
105-->[:firebase_messaging] AndroidManifest.xml:35:9-39:19
106            android:name="com.google.firebase.components.ComponentDiscoveryService"
106-->[:firebase_messaging] AndroidManifest.xml:35:18-89
107            android:directBootAware="true"
107-->[com.google.firebase:firebase-common:21.0.0] AndroidManifest.xml:32:13-43
108            android:exported="false" >
108-->[com.google.firebase:firebase-messaging:24.1.1] AndroidManifest.xml:56:13-37
109            <meta-data
109-->[:firebase_messaging] AndroidManifest.xml:36:13-38:85
110                android:name="com.google.firebase.components:io.flutter.plugins.firebase.messaging.FlutterFirebaseAppRegistrar"
110-->[:firebase_messaging] AndroidManifest.xml:37:17-128
111                android:value="com.google.firebase.components.ComponentRegistrar" />
111-->[:firebase_messaging] AndroidManifest.xml:38:17-82
112            <meta-data
112-->[:firebase_core] AndroidManifest.xml:9:13-11:85
113                android:name="com.google.firebase.components:io.flutter.plugins.firebase.core.FlutterFirebaseCoreRegistrar"
113-->[:firebase_core] AndroidManifest.xml:10:17-124
114                android:value="com.google.firebase.components.ComponentRegistrar" />
114-->[:firebase_core] AndroidManifest.xml:11:17-82
115            <meta-data
115-->[com.google.firebase:firebase-messaging:24.1.1] AndroidManifest.xml:57:13-59:85
116                android:name="com.google.firebase.components:com.google.firebase.messaging.FirebaseMessagingKtxRegistrar"
116-->[com.google.firebase:firebase-messaging:24.1.1] AndroidManifest.xml:58:17-122
117                android:value="com.google.firebase.components.ComponentRegistrar" />
117-->[com.google.firebase:firebase-messaging:24.1.1] AndroidManifest.xml:59:17-82
118            <meta-data
118-->[com.google.firebase:firebase-messaging:24.1.1] AndroidManifest.xml:60:13-62:85
119                android:name="com.google.firebase.components:com.google.firebase.messaging.FirebaseMessagingRegistrar"
119-->[com.google.firebase:firebase-messaging:24.1.1] AndroidManifest.xml:61:17-119
120                android:value="com.google.firebase.components.ComponentRegistrar" />
120-->[com.google.firebase:firebase-messaging:24.1.1] AndroidManifest.xml:62:17-82
121            <meta-data
121-->[com.google.firebase:firebase-installations:18.0.0] AndroidManifest.xml:15:13-17:85
122                android:name="com.google.firebase.components:com.google.firebase.installations.FirebaseInstallationsKtxRegistrar"
122-->[com.google.firebase:firebase-installations:18.0.0] AndroidManifest.xml:16:17-130
123                android:value="com.google.firebase.components.ComponentRegistrar" />
123-->[com.google.firebase:firebase-installations:18.0.0] AndroidManifest.xml:17:17-82
124            <meta-data
124-->[com.google.firebase:firebase-installations:18.0.0] AndroidManifest.xml:18:13-20:85
125                android:name="com.google.firebase.components:com.google.firebase.installations.FirebaseInstallationsRegistrar"
125-->[com.google.firebase:firebase-installations:18.0.0] AndroidManifest.xml:19:17-127
126                android:value="com.google.firebase.components.ComponentRegistrar" />
126-->[com.google.firebase:firebase-installations:18.0.0] AndroidManifest.xml:20:17-82
127            <meta-data
127-->[com.google.firebase:firebase-common-ktx:21.0.0] AndroidManifest.xml:12:13-14:85
128                android:name="com.google.firebase.components:com.google.firebase.ktx.FirebaseCommonLegacyRegistrar"
128-->[com.google.firebase:firebase-common-ktx:21.0.0] AndroidManifest.xml:13:17-116
129                android:value="com.google.firebase.components.ComponentRegistrar" />
129-->[com.google.firebase:firebase-common-ktx:21.0.0] AndroidManifest.xml:14:17-82
130            <meta-data
130-->[com.google.firebase:firebase-common:21.0.0] AndroidManifest.xml:35:13-37:85
131                android:name="com.google.firebase.components:com.google.firebase.FirebaseCommonKtxRegistrar"
131-->[com.google.firebase:firebase-common:21.0.0] AndroidManifest.xml:36:17-109
132                android:value="com.google.firebase.components.ComponentRegistrar" />
132-->[com.google.firebase:firebase-common:21.0.0] AndroidManifest.xml:37:17-82
133            <meta-data
133-->[com.google.firebase:firebase-datatransport:18.2.0] AndroidManifest.xml:25:13-27:85
134                android:name="com.google.firebase.components:com.google.firebase.datatransport.TransportRegistrar"
134-->[com.google.firebase:firebase-datatransport:18.2.0] AndroidManifest.xml:26:17-115
135                android:value="com.google.firebase.components.ComponentRegistrar" />
135-->[com.google.firebase:firebase-datatransport:18.2.0] AndroidManifest.xml:27:17-82
136        </service>
137
138        <provider
138-->[:firebase_messaging] AndroidManifest.xml:41:9-45:38
139            android:name="io.flutter.plugins.firebase.messaging.FlutterFirebaseMessagingInitProvider"
139-->[:firebase_messaging] AndroidManifest.xml:42:13-102
140            android:authorities="com.minghwidev.devstart.flutterfirebasemessaginginitprovider"
140-->[:firebase_messaging] AndroidManifest.xml:43:13-88
141            android:exported="false"
141-->[:firebase_messaging] AndroidManifest.xml:44:13-37
142            android:initOrder="99" />
142-->[:firebase_messaging] AndroidManifest.xml:45:13-35
143
144        <receiver
144-->[com.google.firebase:firebase-messaging:24.1.1] AndroidManifest.xml:29:9-40:20
145            android:name="com.google.firebase.iid.FirebaseInstanceIdReceiver"
145-->[com.google.firebase:firebase-messaging:24.1.1] AndroidManifest.xml:30:13-78
146            android:exported="true"
146-->[com.google.firebase:firebase-messaging:24.1.1] AndroidManifest.xml:31:13-36
147            android:permission="com.google.android.c2dm.permission.SEND" >
147-->[com.google.firebase:firebase-messaging:24.1.1] AndroidManifest.xml:32:13-73
148            <intent-filter>
148-->[:firebase_messaging] AndroidManifest.xml:30:13-32:29
149                <action android:name="com.google.android.c2dm.intent.RECEIVE" />
149-->[:firebase_messaging] AndroidManifest.xml:31:17-81
149-->[:firebase_messaging] AndroidManifest.xml:31:25-78
150            </intent-filter>
151
152            <meta-data
152-->[com.google.firebase:firebase-messaging:24.1.1] AndroidManifest.xml:37:13-39:40
153                android:name="com.google.android.gms.cloudmessaging.FINISHED_AFTER_HANDLED"
153-->[com.google.firebase:firebase-messaging:24.1.1] AndroidManifest.xml:38:17-92
154                android:value="true" />
154-->[com.google.firebase:firebase-messaging:24.1.1] AndroidManifest.xml:39:17-37
155        </receiver>
156        <!--
157             FirebaseMessagingService performs security checks at runtime,
158             but set to not exported to explicitly avoid allowing another app to call it.
159        -->
160        <service
160-->[com.google.firebase:firebase-messaging:24.1.1] AndroidManifest.xml:46:9-53:19
161            android:name="com.google.firebase.messaging.FirebaseMessagingService"
161-->[com.google.firebase:firebase-messaging:24.1.1] AndroidManifest.xml:47:13-82
162            android:directBootAware="true"
162-->[com.google.firebase:firebase-messaging:24.1.1] AndroidManifest.xml:48:13-43
163            android:exported="false" >
163-->[com.google.firebase:firebase-messaging:24.1.1] AndroidManifest.xml:49:13-37
164            <intent-filter android:priority="-500" >
164-->[:firebase_messaging] AndroidManifest.xml:21:13-23:29
165                <action android:name="com.google.firebase.MESSAGING_EVENT" />
165-->[:firebase_messaging] AndroidManifest.xml:22:17-78
165-->[:firebase_messaging] AndroidManifest.xml:22:25-75
166            </intent-filter>
167        </service>
168
169        <activity
169-->[:url_launcher_android] AndroidManifest.xml:8:9-11:74
170            android:name="io.flutter.plugins.urllauncher.WebViewActivity"
170-->[:url_launcher_android] AndroidManifest.xml:9:13-74
171            android:exported="false"
171-->[:url_launcher_android] AndroidManifest.xml:10:13-37
172            android:theme="@android:style/Theme.NoTitleBar.Fullscreen" />
172-->[:url_launcher_android] AndroidManifest.xml:11:13-71
173
174        <uses-library
174-->[androidx.window:window:1.2.0] AndroidManifest.xml:23:9-25:40
175            android:name="androidx.window.extensions"
175-->[androidx.window:window:1.2.0] AndroidManifest.xml:24:13-54
176            android:required="false" />
176-->[androidx.window:window:1.2.0] AndroidManifest.xml:25:13-37
177        <uses-library
177-->[androidx.window:window:1.2.0] AndroidManifest.xml:26:9-28:40
178            android:name="androidx.window.sidecar"
178-->[androidx.window:window:1.2.0] AndroidManifest.xml:27:13-51
179            android:required="false" />
179-->[androidx.window:window:1.2.0] AndroidManifest.xml:28:13-37
180
181        <activity
181-->[com.google.android.gms:play-services-auth:21.0.0] AndroidManifest.xml:23:9-27:75
182            android:name="com.google.android.gms.auth.api.signin.internal.SignInHubActivity"
182-->[com.google.android.gms:play-services-auth:21.0.0] AndroidManifest.xml:24:13-93
183            android:excludeFromRecents="true"
183-->[com.google.android.gms:play-services-auth:21.0.0] AndroidManifest.xml:25:13-46
184            android:exported="false"
184-->[com.google.android.gms:play-services-auth:21.0.0] AndroidManifest.xml:26:13-37
185            android:theme="@android:style/Theme.Translucent.NoTitleBar" />
185-->[com.google.android.gms:play-services-auth:21.0.0] AndroidManifest.xml:27:13-72
186        <!--
187            Service handling Google Sign-In user revocation. For apps that do not integrate with
188            Google Sign-In, this service will never be started.
189        -->
190        <service
190-->[com.google.android.gms:play-services-auth:21.0.0] AndroidManifest.xml:33:9-37:51
191            android:name="com.google.android.gms.auth.api.signin.RevocationBoundService"
191-->[com.google.android.gms:play-services-auth:21.0.0] AndroidManifest.xml:34:13-89
192            android:exported="true"
192-->[com.google.android.gms:play-services-auth:21.0.0] AndroidManifest.xml:35:13-36
193            android:permission="com.google.android.gms.auth.api.signin.permission.REVOCATION_NOTIFICATION"
193-->[com.google.android.gms:play-services-auth:21.0.0] AndroidManifest.xml:36:13-107
194            android:visibleToInstantApps="true" />
194-->[com.google.android.gms:play-services-auth:21.0.0] AndroidManifest.xml:37:13-48
195
196        <provider
196-->[com.google.firebase:firebase-common:21.0.0] AndroidManifest.xml:23:9-28:39
197            android:name="com.google.firebase.provider.FirebaseInitProvider"
197-->[com.google.firebase:firebase-common:21.0.0] AndroidManifest.xml:24:13-77
198            android:authorities="com.minghwidev.devstart.firebaseinitprovider"
198-->[com.google.firebase:firebase-common:21.0.0] AndroidManifest.xml:25:13-72
199            android:directBootAware="true"
199-->[com.google.firebase:firebase-common:21.0.0] AndroidManifest.xml:26:13-43
200            android:exported="false"
200-->[com.google.firebase:firebase-common:21.0.0] AndroidManifest.xml:27:13-37
201            android:initOrder="100" />
201-->[com.google.firebase:firebase-common:21.0.0] AndroidManifest.xml:28:13-36
202
203        <activity
203-->[com.google.android.gms:play-services-base:18.1.0] AndroidManifest.xml:20:9-22:45
204            android:name="com.google.android.gms.common.api.GoogleApiActivity"
204-->[com.google.android.gms:play-services-base:18.1.0] AndroidManifest.xml:20:19-85
205            android:exported="false"
205-->[com.google.android.gms:play-services-base:18.1.0] AndroidManifest.xml:22:19-43
206            android:theme="@android:style/Theme.Translucent.NoTitleBar" />
206-->[com.google.android.gms:play-services-base:18.1.0] AndroidManifest.xml:21:19-78
207
208        <provider
208-->[androidx.lifecycle:lifecycle-process:2.7.0] AndroidManifest.xml:24:9-32:20
209            android:name="androidx.startup.InitializationProvider"
209-->[androidx.lifecycle:lifecycle-process:2.7.0] AndroidManifest.xml:25:13-67
210            android:authorities="com.minghwidev.devstart.androidx-startup"
210-->[androidx.lifecycle:lifecycle-process:2.7.0] AndroidManifest.xml:26:13-68
211            android:exported="false" >
211-->[androidx.lifecycle:lifecycle-process:2.7.0] AndroidManifest.xml:27:13-37
212            <meta-data
212-->[androidx.lifecycle:lifecycle-process:2.7.0] AndroidManifest.xml:29:13-31:52
213                android:name="androidx.lifecycle.ProcessLifecycleInitializer"
213-->[androidx.lifecycle:lifecycle-process:2.7.0] AndroidManifest.xml:30:17-78
214                android:value="androidx.startup" />
214-->[androidx.lifecycle:lifecycle-process:2.7.0] AndroidManifest.xml:31:17-49
215            <meta-data
215-->[androidx.profileinstaller:profileinstaller:1.3.1] AndroidManifest.xml:29:13-31:52
216                android:name="androidx.profileinstaller.ProfileInstallerInitializer"
216-->[androidx.profileinstaller:profileinstaller:1.3.1] AndroidManifest.xml:30:17-85
217                android:value="androidx.startup" />
217-->[androidx.profileinstaller:profileinstaller:1.3.1] AndroidManifest.xml:31:17-49
218        </provider>
219
220        <meta-data
220-->[com.google.android.gms:play-services-basement:18.3.0] AndroidManifest.xml:21:9-23:69
221            android:name="com.google.android.gms.version"
221-->[com.google.android.gms:play-services-basement:18.3.0] AndroidManifest.xml:22:13-58
222            android:value="@integer/google_play_services_version" />
222-->[com.google.android.gms:play-services-basement:18.3.0] AndroidManifest.xml:23:13-66
223
224        <receiver
224-->[androidx.profileinstaller:profileinstaller:1.3.1] AndroidManifest.xml:34:9-52:20
225            android:name="androidx.profileinstaller.ProfileInstallReceiver"
225-->[androidx.profileinstaller:profileinstaller:1.3.1] AndroidManifest.xml:35:13-76
226            android:directBootAware="false"
226-->[androidx.profileinstaller:profileinstaller:1.3.1] AndroidManifest.xml:36:13-44
227            android:enabled="true"
227-->[androidx.profileinstaller:profileinstaller:1.3.1] AndroidManifest.xml:37:13-35
228            android:exported="true"
228-->[androidx.profileinstaller:profileinstaller:1.3.1] AndroidManifest.xml:38:13-36
229            android:permission="android.permission.DUMP" >
229-->[androidx.profileinstaller:profileinstaller:1.3.1] AndroidManifest.xml:39:13-57
230            <intent-filter>
230-->[androidx.profileinstaller:profileinstaller:1.3.1] AndroidManifest.xml:40:13-42:29
231                <action android:name="androidx.profileinstaller.action.INSTALL_PROFILE" />
231-->[androidx.profileinstaller:profileinstaller:1.3.1] AndroidManifest.xml:41:17-91
231-->[androidx.profileinstaller:profileinstaller:1.3.1] AndroidManifest.xml:41:25-88
232            </intent-filter>
233            <intent-filter>
233-->[androidx.profileinstaller:profileinstaller:1.3.1] AndroidManifest.xml:43:13-45:29
234                <action android:name="androidx.profileinstaller.action.SKIP_FILE" />
234-->[androidx.profileinstaller:profileinstaller:1.3.1] AndroidManifest.xml:44:17-85
234-->[androidx.profileinstaller:profileinstaller:1.3.1] AndroidManifest.xml:44:25-82
235            </intent-filter>
236            <intent-filter>
236-->[androidx.profileinstaller:profileinstaller:1.3.1] AndroidManifest.xml:46:13-48:29
237                <action android:name="androidx.profileinstaller.action.SAVE_PROFILE" />
237-->[androidx.profileinstaller:profileinstaller:1.3.1] AndroidManifest.xml:47:17-88
237-->[androidx.profileinstaller:profileinstaller:1.3.1] AndroidManifest.xml:47:25-85
238            </intent-filter>
239            <intent-filter>
239-->[androidx.profileinstaller:profileinstaller:1.3.1] AndroidManifest.xml:49:13-51:29
240                <action android:name="androidx.profileinstaller.action.BENCHMARK_OPERATION" />
240-->[androidx.profileinstaller:profileinstaller:1.3.1] AndroidManifest.xml:50:17-95
240-->[androidx.profileinstaller:profileinstaller:1.3.1] AndroidManifest.xml:50:25-92
241            </intent-filter>
242        </receiver>
243
244        <service
244-->[com.google.android.datatransport:transport-backend-cct:3.1.9] AndroidManifest.xml:28:9-34:19
245            android:name="com.google.android.datatransport.runtime.backends.TransportBackendDiscovery"
245-->[com.google.android.datatransport:transport-backend-cct:3.1.9] AndroidManifest.xml:29:13-103
246            android:exported="false" >
246-->[com.google.android.datatransport:transport-backend-cct:3.1.9] AndroidManifest.xml:30:13-37
247            <meta-data
247-->[com.google.android.datatransport:transport-backend-cct:3.1.9] AndroidManifest.xml:31:13-33:39
248                android:name="backend:com.google.android.datatransport.cct.CctBackendFactory"
248-->[com.google.android.datatransport:transport-backend-cct:3.1.9] AndroidManifest.xml:32:17-94
249                android:value="cct" />
249-->[com.google.android.datatransport:transport-backend-cct:3.1.9] AndroidManifest.xml:33:17-36
250        </service>
251        <service
251-->[com.google.android.datatransport:transport-runtime:3.1.9] AndroidManifest.xml:26:9-30:19
252            android:name="com.google.android.datatransport.runtime.scheduling.jobscheduling.JobInfoSchedulerService"
252-->[com.google.android.datatransport:transport-runtime:3.1.9] AndroidManifest.xml:27:13-117
253            android:exported="false"
253-->[com.google.android.datatransport:transport-runtime:3.1.9] AndroidManifest.xml:28:13-37
254            android:permission="android.permission.BIND_JOB_SERVICE" >
254-->[com.google.android.datatransport:transport-runtime:3.1.9] AndroidManifest.xml:29:13-69
255        </service>
256
257        <receiver
257-->[com.google.android.datatransport:transport-runtime:3.1.9] AndroidManifest.xml:32:9-34:40
258            android:name="com.google.android.datatransport.runtime.scheduling.jobscheduling.AlarmManagerSchedulerBroadcastReceiver"
258-->[com.google.android.datatransport:transport-runtime:3.1.9] AndroidManifest.xml:33:13-132
259            android:exported="false" />
259-->[com.google.android.datatransport:transport-runtime:3.1.9] AndroidManifest.xml:34:13-37
260    </application>
261
262</manifest>